0001   0000 3E 04           MVI A, 4
0002   0002 32 00 10        STA 1000H
0003   0005 3E 04           MVI A, 4
0004   0007 32 01 10        STA 1001H
0005   000A 3A 00 10        LDA 1000H
0006   000D 47              MOV B, A
0007   000E 3A 01 10        LDA 1001H
0008   0011 4F              MOV C, A
0009   0012 3E 00           MVI A, 0
0010   0014             M1:    
0011   0014 80          	ADD B
0012   0015 0D              DCR C
0013   0016 C2 14 00        JNZ M1
0014   0019 32 0A 10        STA 100AH
0015   001C 06 02           MVI B, 2H
0016   001E 0E 00           MVI C, 00H
0017   0020 3A 0A 10        LDA 100AH
0018   0023             L1:
0019   0023 B8              CMP B
0020   0024 DA 2C 00        JC L2
0021   0027 90              SUB B
0022   0028 0C              INR C
0023   0029 C3 23 00        JMP L1
0024   002C             L2:
0025   002C 79              MOV A, C
0026   002D 32 10 10        STA 1010H
0027   0030             
0028   0030 76              HLT
Number of errors = 0
