0001   0000 3E 0B           MVI A,11
0002   0002 01 00 20            LXI B,2000H
0003   0005 02          L1:        STAX B
0004   0006 03                  INX B
0005   0007 3D                  DCR A
0006   0008 C2 05 00            JNZ L1
0007   000B             
0008   000B 2E 0B           MVI L,11
0009   000D 11 00 30            LXI D,3000H
0010   0010 01 00 20            LXI B,2000H
0011   0013 26 00           MVI H,0
0012   0015 84          L2:        ADD H
0013   0016 67              MOV H,A
0014   0017 0A              LDAX B
0015   0018 03                  INX B
0016   0019 2D                  DCR L
0017   001A C2 15 00            JNZ L2
0018   001D 84              ADD H
0019   001E 12              STAX D
0020   001F 76                  HLT
0021   0020                     .END
Number of errors = 0
